I, [2018-09-10T15:38:15.406566 #32350]  INFO -- prometheus-aws: -----> Converging <prometheus-aws>...
W, [2018-09-10T15:38:15.406928 #32350]  WARN -- prometheus-aws: Running command `terraform workspace select kitchen-terraform-prometheus-aws` in directory /root/prometheus-aws-configuration-beta/terraform/modules/prometheus/test/fixtures
W, [2018-09-10T15:38:15.442532 #32350]  WARN -- prometheus-aws: Running command `terraform get -update` in directory /root/prometheus-aws-configuration-beta/terraform/modules/prometheus/test/fixtures
I, [2018-09-10T15:38:15.465739 #32350]  INFO -- prometheus-aws: - module.vpc
I, [2018-09-10T15:38:15.736657 #32350]  INFO -- prometheus-aws:   Found version 1.41.0 of terraform-aws-modules/vpc/aws on registry.terraform.io
I, [2018-09-10T15:38:15.736814 #32350]  INFO -- prometheus-aws:   Updating source "terraform-aws-modules/vpc/aws"
I, [2018-09-10T15:38:16.538204 #32350]  INFO -- prometheus-aws: - module.Prometheus
I, [2018-09-10T15:38:16.538297 #32350]  INFO -- prometheus-aws:   Updating source "../../../prometheus"
W, [2018-09-10T15:38:16.551921 #32350]  WARN -- prometheus-aws: Running command `terraform validate -check-variables=true   ` in directory /root/prometheus-aws-configuration-beta/terraform/modules/prometheus/test/fixtures
W, [2018-09-10T15:38:17.151498 #32350]  WARN -- prometheus-aws: Running command `terraform apply -lock=true -lock-timeout=0s -input=false -auto-approve=true  -parallelism=10 -refresh=true  ` in directory /root/prometheus-aws-configuration-beta/terraform/modules/prometheus/test/fixtures
I, [2018-09-10T15:38:18.185840 #32350]  INFO -- prometheus-aws: [0m[1mdata.aws_region.current: Refreshing state...[0m
I, [2018-09-10T15:38:18.187888 #32350]  INFO -- prometheus-aws: [0m[1mdata.aws_availability_zones.available: Refreshing state...[0m
I, [2018-09-10T15:38:18.187995 #32350]  INFO -- prometheus-aws: [0m[1mdata.aws_iam_policy_document.prometheus_assume_role_policy: Refreshing state...[0m
I, [2018-09-10T15:38:19.197732 #32350]  INFO -- prometheus-aws: [0m[1mmodule.vpc.aws_vpc_dhcp_options.this: Creating...[0m
I, [2018-09-10T15:38:19.197861 #32350]  INFO -- prometheus-aws:   domain_name:           "" => "ec2-monitoring.monitoring.private"
I, [2018-09-10T15:38:19.197885 #32350]  INFO -- prometheus-aws:   domain_name_servers.#: "" => "1"
I, [2018-09-10T15:38:19.197902 #32350]  INFO -- prometheus-aws:   domain_name_servers.0: "" => "AmazonProvidedDNS"
I, [2018-09-10T15:38:19.197919 #32350]  INFO -- prometheus-aws:   tags.%:                "" => "1"
I, [2018-09-10T15:38:19.197935 #32350]  INFO -- prometheus-aws:   tags.Name:             "" => "ptom-test-vpc"[0m
I, [2018-09-10T15:38:19.200122 #32350]  INFO -- prometheus-aws: [0m[1mmodule.Prometheus.aws_ebs_volume.promethues-disk[0]: Creating...[0m
I, [2018-09-10T15:38:19.200196 #32350]  INFO -- prometheus-aws:   arn:               "" => "<computed>"
I, [2018-09-10T15:38:19.200236 #32350]  INFO -- prometheus-aws:   availability_zone: "" => "eu-west-2a"
I, [2018-09-10T15:38:19.200260 #32350]  INFO -- prometheus-aws:   encrypted:         "" => "<computed>"
I, [2018-09-10T15:38:19.200277 #32350]  INFO -- prometheus-aws:   iops:              "" => "<computed>"
I, [2018-09-10T15:38:19.200293 #32350]  INFO -- prometheus-aws:   kms_key_id:        "" => "<computed>"
I, [2018-09-10T15:38:19.200314 #32350]  INFO -- prometheus-aws:   size:              "" => "20"
I, [2018-09-10T15:38:19.200332 #32350]  INFO -- prometheus-aws:   snapshot_id:       "" => "<computed>"
I, [2018-09-10T15:38:19.200347 #32350]  INFO -- prometheus-aws:   tags.%:            "" => "1"
I, [2018-09-10T15:38:19.200369 #32350]  INFO -- prometheus-aws:   tags.Name:         "" => "promethues-disk"
I, [2018-09-10T15:38:19.200386 #32350]  INFO -- prometheus-aws:   type:              "" => "<computed>"[0m
I, [2018-09-10T15:38:19.200402 #32350]  INFO -- prometheus-aws: [0m[1mmodule.Prometheus.aws_iam_role.prometheus_role: Creating...[0m
I, [2018-09-10T15:38:19.200420 #32350]  INFO -- prometheus-aws:   arn:                   "" => "<computed>"
I, [2018-09-10T15:38:19.200437 #32350]  INFO -- prometheus-aws:   assume_role_policy:    "" => "{\n  \"Version\": \"2012-10-17\",\n  \"Statement\": [\n    {\n      \"Sid\": \"\",\n      \"Effect\": \"Allow\",\n      \"Action\": \"sts:AssumeRole\",\n      \"Principal\": {\n        \"Service\": \"ec2.amazonaws.com\"\n      }\n    }\n  ]\n}"
I, [2018-09-10T15:38:19.200497 #32350]  INFO -- prometheus-aws:   create_date:           "" => "<computed>"
I, [2018-09-10T15:38:19.200517 #32350]  INFO -- prometheus-aws:   force_detach_policies: "" => "false"
I, [2018-09-10T15:38:19.200538 #32350]  INFO -- prometheus-aws:   max_session_duration:  "" => "3600"
I, [2018-09-10T15:38:19.200555 #32350]  INFO -- prometheus-aws:   name:                  "" => "prometheus_ec2_profile"
I, [2018-09-10T15:38:19.200571 #32350]  INFO -- prometheus-aws:   path:                  "" => "/"
I, [2018-09-10T15:38:19.200587 #32350]  INFO -- prometheus-aws:   unique_id:             "" => "<computed>"[0m
I, [2018-09-10T15:38:19.203630 #32350]  INFO -- prometheus-aws: [0m[1mmodule.Prometheus.aws_ebs_volume.promethues-disk[1]: Creating...[0m
I, [2018-09-10T15:38:19.203788 #32350]  INFO -- prometheus-aws:   arn:               "" => "<computed>"
I, [2018-09-10T15:38:19.203821 #32350]  INFO -- prometheus-aws:   availability_zone: "" => "eu-west-2b"
I, [2018-09-10T15:38:19.203857 #32350]  INFO -- prometheus-aws:   encrypted:         "" => "<computed>"
I, [2018-09-10T15:38:19.203972 #32350]  INFO -- prometheus-aws:   iops:              "" => "<computed>"
I, [2018-09-10T15:38:19.204001 #32350]  INFO -- prometheus-aws:   kms_key_id:        "" => "<computed>"
I, [2018-09-10T15:38:19.204019 #32350]  INFO -- prometheus-aws:   size:              "" => "20"
I, [2018-09-10T15:38:19.204036 #32350]  INFO -- prometheus-aws:   snapshot_id:       "" => "<computed>"
I, [2018-09-10T15:38:19.204214 #32350]  INFO -- prometheus-aws:   tags.%:            "" => "1"
I, [2018-09-10T15:38:19.204243 #32350]  INFO -- prometheus-aws:   tags.Name:         "" => "promethues-disk"
I, [2018-09-10T15:38:19.204262 #32350]  INFO -- prometheus-aws:   type:              "" => "<computed>"[0m
I, [2018-09-10T15:38:19.204284 #32350]  INFO -- prometheus-aws: [0m[1mmodule.Prometheus.aws_ebs_volume.promethues-disk[2]: Creating...[0m
I, [2018-09-10T15:38:19.204418 #32350]  INFO -- prometheus-aws:   arn:               "" => "<computed>"
I, [2018-09-10T15:38:19.204446 #32350]  INFO -- prometheus-aws:   availability_zone: "" => "eu-west-2c"
I, [2018-09-10T15:38:19.204464 #32350]  INFO -- prometheus-aws:   encrypted:         "" => "<computed>"
I, [2018-09-10T15:38:19.204480 #32350]  INFO -- prometheus-aws:   iops:              "" => "<computed>"
I, [2018-09-10T15:38:19.204611 #32350]  INFO -- prometheus-aws:   kms_key_id:        "" => "<computed>"
I, [2018-09-10T15:38:19.204637 #32350]  INFO -- prometheus-aws:   size:              "" => "20"
I, [2018-09-10T15:38:19.204732 #32350]  INFO -- prometheus-aws:   snapshot_id:       "" => "<computed>"
I, [2018-09-10T15:38:19.204753 #32350]  INFO -- prometheus-aws:   tags.%:            "" => "1"
I, [2018-09-10T15:38:19.204922 #32350]  INFO -- prometheus-aws:   tags.Name:         "" => "promethues-disk"
I, [2018-09-10T15:38:19.205060 #32350]  INFO -- prometheus-aws:   type:              "" => "<computed>"[0m
I, [2018-09-10T15:38:19.211528 #32350]  INFO -- prometheus-aws: [0m[1mmodule.Prometheus.aws_s3_bucket.prometheus_config: Creating...[0m
I, [2018-09-10T15:38:19.211864 #32350]  INFO -- prometheus-aws:   acceleration_status:     "" => "<computed>"
I, [2018-09-10T15:38:19.212212 #32350]  INFO -- prometheus-aws:   acl:                     "" => "private"
I, [2018-09-10T15:38:19.212996 #32350]  INFO -- prometheus-aws:   arn:                     "" => "<computed>"
I, [2018-09-10T15:38:19.213035 #32350]  INFO -- prometheus-aws:   bucket:                  "" => "gdsobserve-verify-prom-dev-test-prometheus-config-store"
I, [2018-09-10T15:38:19.213163 #32350]  INFO -- prometheus-aws:   bucket_domain_name:      "" => "<computed>"
I, [2018-09-10T15:38:19.213195 #32350]  INFO -- prometheus-aws:   force_destroy:           "" => "false"
I, [2018-09-10T15:38:19.213222 #32350]  INFO -- prometheus-aws:   hosted_zone_id:          "" => "<computed>"
I, [2018-09-10T15:38:19.213347 #32350]  INFO -- prometheus-aws:   region:                  "" => "<computed>"
I, [2018-09-10T15:38:19.213375 #32350]  INFO -- prometheus-aws:   request_payer:           "" => "<computed>"
I, [2018-09-10T15:38:19.213393 #32350]  INFO -- prometheus-aws:   versioning.#:            "" => "1"
I, [2018-09-10T15:38:19.213497 #32350]  INFO -- prometheus-aws:   versioning.0.enabled:    "" => "true"
I, [2018-09-10T15:38:19.213598 #32350]  INFO -- prometheus-aws:   versioning.0.mfa_delete: "" => "false"
I, [2018-09-10T15:38:19.213656 #32350]  INFO -- prometheus-aws:   website_domain:          "" => "<computed>"
I, [2018-09-10T15:38:19.213676 #32350]  INFO -- prometheus-aws:   website_endpoint:        "" => "<computed>"[0m
I, [2018-09-10T15:38:19.213765 #32350]  INFO -- prometheus-aws: [0m[1mmodule.vpc.aws_vpc.this: Creating...[0m
I, [2018-09-10T15:38:19.213822 #32350]  INFO -- prometheus-aws:   assign_generated_ipv6_cidr_block: "" => "false"
I, [2018-09-10T15:38:19.213986 #32350]  INFO -- prometheus-aws:   cidr_block:                       "" => "10.0.0.0/16"
I, [2018-09-10T15:38:19.214016 #32350]  INFO -- prometheus-aws:   default_network_acl_id:           "" => "<computed>"
I, [2018-09-10T15:38:19.214033 #32350]  INFO -- prometheus-aws:   default_route_table_id:           "" => "<computed>"
I, [2018-09-10T15:38:19.214151 #32350]  INFO -- prometheus-aws:   default_security_group_id:        "" => "<computed>"
I, [2018-09-10T15:38:19.214179 #32350]  INFO -- prometheus-aws:   dhcp_options_id:                  "" => "<computed>"
I, [2018-09-10T15:38:19.214196 #32350]  INFO -- prometheus-aws:   enable_classiclink:               "" => "<computed>"
I, [2018-09-10T15:38:19.214305 #32350]  INFO -- prometheus-aws:   enable_classiclink_dns_support:   "" => "<computed>"
I, [2018-09-10T15:38:19.214427 #32350]  INFO -- prometheus-aws:   enable_dns_hostnames:             "" => "true"
I, [2018-09-10T15:38:19.214486 #32350]  INFO -- prometheus-aws:   enable_dns_support:               "" => "true"
I, [2018-09-10T15:38:19.214509 #32350]  INFO -- prometheus-aws:   instance_tenancy:                 "" => "default"
I, [2018-09-10T15:38:19.214600 #32350]  INFO -- prometheus-aws:   ipv6_association_id:              "" => "<computed>"
I, [2018-09-10T15:38:19.214657 #32350]  INFO -- prometheus-aws:   ipv6_cidr_block:                  "" => "<computed>"
I, [2018-09-10T15:38:19.214730 #32350]  INFO -- prometheus-aws:   main_route_table_id:              "" => "<computed>"
I, [2018-09-10T15:38:19.214754 #32350]  INFO -- prometheus-aws:   tags.%:                           "" => "1"
I, [2018-09-10T15:38:19.214918 #32350]  INFO -- prometheus-aws:   tags.Name:                        "" => "ptom-test-vpc"[0m
I, [2018-09-10T15:38:19.214976 #32350]  INFO -- prometheus-aws: [0m[1mmodule.Prometheus.aws_key_pair.ssh_key: Creating...[0m
I, [2018-09-10T15:38:19.215001 #32350]  INFO -- prometheus-aws:   fingerprint: "" => "<computed>"
I, [2018-09-10T15:38:19.215090 #32350]  INFO -- prometheus-aws:   key_name:    "" => "prom-dev-test-prom-key"
I, [2018-09-10T15:38:19.215676 #32350]  INFO -- prometheus-aws:   public_key:  "" => "ssh-rsa AAAAB3NzaC1yc2EAAAADAQABAAABAQDEQ/GX4oFaXsjz4gpLpjd1cLOcpkogjxHyNrZB7bEFn+RsTZ4NKJ3DqJm3T/QqAWHdSdhY3nE7rbYnVMlGdqh3tK0knX4S+JbWNK4GjRihAGBUQNNHqWQZbyaYTn8zSWfUI/I/twZ8q6cmlP1rTf97LJP8S/M4zp2M5FDfC1wJ4+c+YX6F7fjqp/SKWukIkcnegbqSux92G5jNLceV66hQ31W3aEuuL5oBnI4R0yI8mo+1gIDJfv5hmly97FtoZcy8yTe1VGew/NybX0rRIoDZpvdem3523mHxgQbX8rINu4BZw5A9md501QcWS98B3bgi/bGkjOoSTZaFMESiDH4j root@ip-172-31-29-27"[0m
I, [2018-09-10T15:38:19.215713 #32350]  INFO -- prometheus-aws: [0m[1mmodule.vpc.aws_eip.nat: Creating...[0m
I, [2018-09-10T15:38:19.215732 #32350]  INFO -- prometheus-aws:   allocation_id:     "" => "<computed>"
I, [2018-09-10T15:38:19.215748 #32350]  INFO -- prometheus-aws:   association_id:    "" => "<computed>"
I, [2018-09-10T15:38:19.220265 #32350]  INFO -- prometheus-aws:   domain:            "" => "<computed>"
I, [2018-09-10T15:38:19.220323 #32350]  INFO -- prometheus-aws:   instance:          "" => "<computed>"
I, [2018-09-10T15:38:19.220352 #32350]  INFO -- prometheus-aws:   network_interface: "" => "<computed>"
I, [2018-09-10T15:38:19.220446 #32350]  INFO -- prometheus-aws:   private_ip:        "" => "<computed>"
I, [2018-09-10T15:38:19.220465 #32350]  INFO -- prometheus-aws:   public_ip:         "" => "<computed>"
I, [2018-09-10T15:38:19.220481 #32350]  INFO -- prometheus-aws:   tags.%:            "" => "1"
I, [2018-09-10T15:38:19.220496 #32350]  INFO -- prometheus-aws:   tags.Name:         "" => "ptom-test-vpc-eu-west-2a"
I, [2018-09-10T15:38:19.220512 #32350]  INFO -- prometheus-aws:   vpc:               "" => "true"[0m
I, [2018-09-10T15:38:19.305835 #32350]  INFO -- prometheus-aws: [0m[1mmodule.Prometheus.aws_key_pair.ssh_key: Creation complete after 0s (ID: prom-dev-test-prom-key)[0m[0m
I, [2018-09-10T15:38:19.583154 #32350]  INFO -- prometheus-aws: [0m[1mmodule.vpc.aws_eip.nat: Creation complete after 1s (ID: eipalloc-01a321f42cc904b9b)[0m[0m
I, [2018-09-10T15:38:19.598185 #32350]  INFO -- prometheus-aws: [0m[1mmodule.vpc.aws_vpc_dhcp_options.this: Creation complete after 1s (ID: dopt-0397fba95e4f5c1f6)[0m[0m
I, [2018-09-10T15:38:19.895182 #32350]  INFO -- prometheus-aws: [0m[1mmodule.Prometheus.aws_iam_role.prometheus_role: Creation complete after 1s (ID: prometheus_ec2_profile)[0m[0m
I, [2018-09-10T15:38:19.902771 #32350]  INFO -- prometheus-aws: [0m[1mmodule.Prometheus.aws_iam_instance_profile.prometheus_instance_profile: Creating...[0m
I, [2018-09-10T15:38:19.902873 #32350]  INFO -- prometheus-aws:   arn:         "" => "<computed>"
I, [2018-09-10T15:38:19.902902 #32350]  INFO -- prometheus-aws:   create_date: "" => "<computed>"
I, [2018-09-10T15:38:19.903124 #32350]  INFO -- prometheus-aws:   name:        "" => "prometheus_config_ec2_reader_profile"
I, [2018-09-10T15:38:19.903189 #32350]  INFO -- prometheus-aws:   path:        "" => "/"
I, [2018-09-10T15:38:19.903245 #32350]  INFO -- prometheus-aws:   role:        "" => "prometheus_ec2_profile"
I, [2018-09-10T15:38:19.903302 #32350]  INFO -- prometheus-aws:   roles.#:     "" => "<computed>"
I, [2018-09-10T15:38:19.903325 #32350]  INFO -- prometheus-aws:   unique_id:   "" => "<computed>"[0m
I, [2018-09-10T15:38:20.325710 #32350]  INFO -- prometheus-aws: [0m[1mmodule.vpc.aws_vpc.this: Creation complete after 1s (ID: vpc-0581beef028fcd190)[0m[0m
I, [2018-09-10T15:38:20.341102 #32350]  INFO -- prometheus-aws: [0m[1mmodule.vpc.aws_route_table.public: Creating...[0m
I, [2018-09-10T15:38:20.341218 #32350]  INFO -- prometheus-aws:   propagating_vgws.#: "" => "<computed>"
I, [2018-09-10T15:38:20.341350 #32350]  INFO -- prometheus-aws:   route.#:            "" => "<computed>"
I, [2018-09-10T15:38:20.341381 #32350]  INFO -- prometheus-aws:   tags.%:             "" => "1"
I, [2018-09-10T15:38:20.341400 #32350]  INFO -- prometheus-aws:   tags.Name:          "" => "ptom-test-vpc-public"
I, [2018-09-10T15:38:20.341436 #32350]  INFO -- prometheus-aws:   vpc_id:             "" => "vpc-0581beef028fcd190"[0m
I, [2018-09-10T15:38:20.343961 #32350]  INFO -- prometheus-aws: [0m[1mmodule.vpc.aws_subnet.database[1]: Creating...[0m
I, [2018-09-10T15:38:20.344003 #32350]  INFO -- prometheus-aws:   assign_ipv6_address_on_creation: "" => "false"
I, [2018-09-10T15:38:20.344025 #32350]  INFO -- prometheus-aws:   availability_zone:               "" => "eu-west-2b"
I, [2018-09-10T15:38:20.344052 #32350]  INFO -- prometheus-aws:   cidr_block:                      "" => "10.0.202.0/24"
I, [2018-09-10T15:38:20.344146 #32350]  INFO -- prometheus-aws:   ipv6_cidr_block:                 "" => "<computed>"
I, [2018-09-10T15:38:20.344167 #32350]  INFO -- prometheus-aws:   ipv6_cidr_block_association_id:  "" => "<computed>"
I, [2018-09-10T15:38:20.344182 #32350]  INFO -- prometheus-aws:   map_public_ip_on_launch:         "" => "false"
I, [2018-09-10T15:38:20.344197 #32350]  INFO -- prometheus-aws:   tags.%:                          "" => "1"
I, [2018-09-10T15:38:20.344221 #32350]  INFO -- prometheus-aws:   tags.Name:                       "" => "ptom-test-vpc-db-eu-west-2b"
I, [2018-09-10T15:38:20.344238 #32350]  INFO -- prometheus-aws:   vpc_id:                          "" => "vpc-0581beef028fcd190"[0m
I, [2018-09-10T15:38:20.345674 #32350]  INFO -- prometheus-aws: [0m[1mmodule.vpc.aws_subnet.public[1]: Creating...[0m
I, [2018-09-10T15:38:20.345753 #32350]  INFO -- prometheus-aws:   assign_ipv6_address_on_creation: "" => "false"
I, [2018-09-10T15:38:20.345796 #32350]  INFO -- prometheus-aws:   availability_zone:               "" => "eu-west-2b"
I, [2018-09-10T15:38:20.345818 #32350]  INFO -- prometheus-aws:   cidr_block:                      "" => "10.0.102.0/24"
I, [2018-09-10T15:38:20.346115 #32350]  INFO -- prometheus-aws:   ipv6_cidr_block:                 "" => "<computed>"
I, [2018-09-10T15:38:20.346147 #32350]  INFO -- prometheus-aws:   ipv6_cidr_block_association_id:  "" => "<computed>"
I, [2018-09-10T15:38:20.346165 #32350]  INFO -- prometheus-aws:   map_public_ip_on_launch:         "" => "true"
I, [2018-09-10T15:38:20.346201 #32350]  INFO -- prometheus-aws:   tags.%:                          "" => "1"
I, [2018-09-10T15:38:20.348382 #32350]  INFO -- prometheus-aws:   tags.Name:                       "" => "ptom-test-vpc-public-eu-west-2b"
I, [2018-09-10T15:38:20.348442 #32350]  INFO -- prometheus-aws:   vpc_id:                          "" => "vpc-0581beef028fcd190"[0m
I, [2018-09-10T15:38:20.349218 #32350]  INFO -- prometheus-aws: [0m[1mmodule.vpc.aws_vpc_dhcp_options_association.this: Creating...[0m
I, [2018-09-10T15:38:20.349256 #32350]  INFO -- prometheus-aws:   dhcp_options_id: "" => "dopt-0397fba95e4f5c1f6"
I, [2018-09-10T15:38:20.349667 #32350]  INFO -- prometheus-aws:   vpc_id:          "" => "vpc-0581beef028fcd190"[0m
I, [2018-09-10T15:38:20.349743 #32350]  INFO -- prometheus-aws: [0m[1maws_security_group.permit_internet_access: Creating...[0m
I, [2018-09-10T15:38:20.350037 #32350]  INFO -- prometheus-aws:   arn:                                  "" => "<computed>"
I, [2018-09-10T15:38:20.350111 #32350]  INFO -- prometheus-aws:   description:                          "" => "Managed by Terraform"
I, [2018-09-10T15:38:20.350622 #32350]  INFO -- prometheus-aws:   egress.#:                             "" => "2"
I, [2018-09-10T15:38:20.350738 #32350]  INFO -- prometheus-aws:   egress.2214680975.cidr_blocks.#:      "" => "1"
I, [2018-09-10T15:38:20.350766 #32350]  INFO -- prometheus-aws:   egress.2214680975.cidr_blocks.0:      "" => "0.0.0.0/0"
I, [2018-09-10T15:38:20.350833 #32350]  INFO -- prometheus-aws:   egress.2214680975.description:        "" => ""
I, [2018-09-10T15:38:20.350963 #32350]  INFO -- prometheus-aws:   egress.2214680975.from_port:          "" => "80"
I, [2018-09-10T15:38:20.350990 #32350]  INFO -- prometheus-aws:   egress.2214680975.ipv6_cidr_blocks.#: "" => "0"
I, [2018-09-10T15:38:20.351057 #32350]  INFO -- prometheus-aws:   egress.2214680975.prefix_list_ids.#:  "" => "0"
I, [2018-09-10T15:38:20.351146 #32350]  INFO -- prometheus-aws:   egress.2214680975.protocol:           "" => "tcp"
I, [2018-09-10T15:38:20.351205 #32350]  INFO -- prometheus-aws:   egress.2214680975.security_groups.#:  "" => "0"
I, [2018-09-10T15:38:20.351325 #32350]  INFO -- prometheus-aws:   egress.2214680975.self:               "" => "false"
I, [2018-09-10T15:38:20.351352 #32350]  INFO -- prometheus-aws:   egress.2214680975.to_port:            "" => "80"
I, [2018-09-10T15:38:20.351417 #32350]  INFO -- prometheus-aws:   egress.2617001939.cidr_blocks.#:      "" => "1"
I, [2018-09-10T15:38:20.351506 #32350]  INFO -- prometheus-aws:   egress.2617001939.cidr_blocks.0:      "" => "0.0.0.0/0"
I, [2018-09-10T15:38:20.351533 #32350]  INFO -- prometheus-aws:   egress.2617001939.description:        "" => ""
I, [2018-09-10T15:38:20.351602 #32350]  INFO -- prometheus-aws:   egress.2617001939.from_port:          "" => "443"
I, [2018-09-10T15:38:20.351709 #32350]  INFO -- prometheus-aws:   egress.2617001939.ipv6_cidr_blocks.#: "" => "0"
I, [2018-09-10T15:38:20.351744 #32350]  INFO -- prometheus-aws:   egress.2617001939.prefix_list_ids.#:  "" => "0"
I, [2018-09-10T15:38:20.351847 #32350]  INFO -- prometheus-aws:   egress.2617001939.protocol:           "" => "tcp"
I, [2018-09-10T15:38:20.352175 #32350]  INFO -- prometheus-aws:   egress.2617001939.security_groups.#:  "" => "0"
I, [2018-09-10T15:38:20.352209 #32350]  INFO -- prometheus-aws:   egress.2617001939.self:               "" => "false"
I, [2018-09-10T15:38:20.352370 #32350]  INFO -- prometheus-aws:   egress.2617001939.to_port:            "" => "443"
I, [2018-09-10T15:38:20.352409 #32350]  INFO -- prometheus-aws:   ingress.#:                            "" => "1"
I, [2018-09-10T15:38:20.352809 #32350]  INFO -- prometheus-aws:   ingress.501830036.cidr_blocks.#:      "" => "1"
I, [2018-09-10T15:38:20.352841 #32350]  INFO -- prometheus-aws:   ingress.501830036.cidr_blocks.0:      "" => "0.0.0.0/0"
I, [2018-09-10T15:38:20.352914 #32350]  INFO -- prometheus-aws:   ingress.501830036.description:        "" => ""
I, [2018-09-10T15:38:20.353283 #32350]  INFO -- prometheus-aws:   ingress.501830036.from_port:          "" => "9090"
I, [2018-09-10T15:38:20.353707 #32350]  INFO -- prometheus-aws:   ingress.501830036.ipv6_cidr_blocks.#: "" => "0"
I, [2018-09-10T15:38:20.354017 #32350]  INFO -- prometheus-aws:   ingress.501830036.protocol:           "" => "tcp"
I, [2018-09-10T15:38:20.354434 #32350]  INFO -- prometheus-aws:   ingress.501830036.security_groups.#:  "" => "0"
I, [2018-09-10T15:38:20.354473 #32350]  INFO -- prometheus-aws:   ingress.501830036.self:               "" => "false"
I, [2018-09-10T15:38:20.354969 #32350]  INFO -- prometheus-aws:   ingress.501830036.to_port:            "" => "9090"
I, [2018-09-10T15:38:20.355007 #32350]  INFO -- prometheus-aws:   name:                                 "" => "<computed>"
I, [2018-09-10T15:38:20.355673 #32350]  INFO -- prometheus-aws:   owner_id:                             "" => "<computed>"
I, [2018-09-10T15:38:20.355713 #32350]  INFO -- prometheus-aws:   revoke_rules_on_delete:               "" => "false"
I, [2018-09-10T15:38:20.355734 #32350]  INFO -- prometheus-aws:   tags.%:                               "" => "1"
I, [2018-09-10T15:38:20.356499 #32350]  INFO -- prometheus-aws:   tags.Name:                            "" => "Internet access & prometheus access from GDS in dev env"
I, [2018-09-10T15:38:20.356539 #32350]  INFO -- prometheus-aws:   vpc_id:                               "" => "vpc-0581beef028fcd190"[0m
I, [2018-09-10T15:38:20.410516 #32350]  INFO -- prometheus-aws: [0m[1mmodule.vpc.aws_vpc_dhcp_options_association.this: Creation complete after 0s (ID: dopt-0397fba95e4f5c1f6-vpc-0581beef028fcd190)[0m[0m
I, [2018-09-10T15:38:20.417033 #32350]  INFO -- prometheus-aws: [0m[1mmodule.vpc.aws_subnet.public[2]: Creating...[0m
I, [2018-09-10T15:38:20.417096 #32350]  INFO -- prometheus-aws:   assign_ipv6_address_on_creation: "" => "false"
I, [2018-09-10T15:38:20.417121 #32350]  INFO -- prometheus-aws:   availability_zone:               "" => "eu-west-2c"
I, [2018-09-10T15:38:20.417158 #32350]  INFO -- prometheus-aws:   cidr_block:                      "" => "10.0.103.0/24"
I, [2018-09-10T15:38:20.417184 #32350]  INFO -- prometheus-aws:   ipv6_cidr_block:                 "" => "<computed>"
I, [2018-09-10T15:38:20.417203 #32350]  INFO -- prometheus-aws:   ipv6_cidr_block_association_id:  "" => "<computed>"
I, [2018-09-10T15:38:20.417220 #32350]  INFO -- prometheus-aws:   map_public_ip_on_launch:         "" => "true"
I, [2018-09-10T15:38:20.417274 #32350]  INFO -- prometheus-aws:   tags.%:                          "" => "1"
I, [2018-09-10T15:38:20.417293 #32350]  INFO -- prometheus-aws:   tags.Name:                       "" => "ptom-test-vpc-public-eu-west-2c"
I, [2018-09-10T15:38:20.418920 #32350]  INFO -- prometheus-aws:   vpc_id:                          "" => "vpc-0581beef028fcd190"[0m
I, [2018-09-10T15:38:20.682297 #32350]  INFO -- prometheus-aws: [0m[1mmodule.vpc.aws_route_table.public: Creation complete after 1s (ID: rtb-07e4c9c6dbff2f3af)[0m[0m
I, [2018-09-10T15:38:20.687136 #32350]  INFO -- prometheus-aws: [0m[1maws_route53_zone.private: Creating...[0m
I, [2018-09-10T15:38:20.687622 #32350]  INFO -- prometheus-aws:   comment:        "" => "Managed by Terraform"
I, [2018-09-10T15:38:20.687686 #32350]  INFO -- prometheus-aws:   force_destroy:  "" => "true"
I, [2018-09-10T15:38:20.687774 #32350]  INFO -- prometheus-aws:   name:           "" => "ec2-monitoring.monitoring.private"
I, [2018-09-10T15:38:20.687798 #32350]  INFO -- prometheus-aws:   name_servers.#: "" => "<computed>"
I, [2018-09-10T15:38:20.687814 #32350]  INFO -- prometheus-aws:   vpc_id:         "" => "vpc-0581beef028fcd190"
I, [2018-09-10T15:38:20.687830 #32350]  INFO -- prometheus-aws:   vpc_region:     "" => "<computed>"
I, [2018-09-10T15:38:20.687844 #32350]  INFO -- prometheus-aws:   zone_id:        "" => "<computed>"[0m
I, [2018-09-10T15:38:20.867537 #32350]  INFO -- prometheus-aws: [0m[1mmodule.vpc.aws_subnet.database[1]: Creation complete after 1s (ID: subnet-07f8975566a78a223)[0m[0m
I, [2018-09-10T15:38:20.874199 #32350]  INFO -- prometheus-aws: [0m[1mmodule.vpc.aws_subnet.private[2]: Creating...[0m
I, [2018-09-10T15:38:20.874262 #32350]  INFO -- prometheus-aws:   assign_ipv6_address_on_creation: "" => "false"
I, [2018-09-10T15:38:20.874348 #32350]  INFO -- prometheus-aws:   availability_zone:               "" => "eu-west-2c"
I, [2018-09-10T15:38:20.874371 #32350]  INFO -- prometheus-aws:   cidr_block:                      "" => "10.0.3.0/24"
I, [2018-09-10T15:38:20.874389 #32350]  INFO -- prometheus-aws:   ipv6_cidr_block:                 "" => "<computed>"
I, [2018-09-10T15:38:20.874405 #32350]  INFO -- prometheus-aws:   ipv6_cidr_block_association_id:  "" => "<computed>"
I, [2018-09-10T15:38:20.874422 #32350]  INFO -- prometheus-aws:   map_public_ip_on_launch:         "" => "false"
I, [2018-09-10T15:38:20.874438 #32350]  INFO -- prometheus-aws:   tags.%:                          "" => "1"
I, [2018-09-10T15:38:20.875630 #32350]  INFO -- prometheus-aws:   tags.Name:                       "" => "ptom-test-vpc-private-eu-west-2c"
I, [2018-09-10T15:38:20.875697 #32350]  INFO -- prometheus-aws:   vpc_id:                          "" => "vpc-0581beef028fcd190"[0m
I, [2018-09-10T15:38:20.905713 #32350]  INFO -- prometheus-aws: [0m[1mmodule.Prometheus.aws_iam_instance_profile.prometheus_instance_profile: Creation complete after 1s (ID: prometheus_config_ec2_reader_profile)[0m[0m
I, [2018-09-10T15:38:20.911151 #32350]  INFO -- prometheus-aws: [0m[1mmodule.vpc.aws_route_table.private: Creating...[0m
I, [2018-09-10T15:38:20.911202 #32350]  INFO -- prometheus-aws:   propagating_vgws.#: "" => "<computed>"
I, [2018-09-10T15:38:20.911242 #32350]  INFO -- prometheus-aws:   route.#:            "" => "<computed>"
I, [2018-09-10T15:38:20.911265 #32350]  INFO -- prometheus-aws:   tags.%:             "" => "1"
I, [2018-09-10T15:38:20.911282 #32350]  INFO -- prometheus-aws:   tags.Name:          "" => "ptom-test-vpc-private"
I, [2018-09-10T15:38:20.911298 #32350]  INFO -- prometheus-aws:   vpc_id:             "" => "vpc-0581beef028fcd190"[0m
I, [2018-09-10T15:38:20.997879 #32350]  INFO -- prometheus-aws: [0m[1mmodule.vpc.aws_subnet.public[2]: Creation complete after 1s (ID: subnet-0c4ade00f6f1c3c04)[0m[0m
I, [2018-09-10T15:38:21.000602 #32350]  INFO -- prometheus-aws: [0m[1mmodule.vpc.aws_subnet.public[1]: Creation complete after 1s (ID: subnet-08fa4c5d5db82c706)[0m[0m
I, [2018-09-10T15:38:21.004760 #32350]  INFO -- prometheus-aws: [0m[1mmodule.vpc.aws_subnet.private[1]: Creating...[0m
I, [2018-09-10T15:38:21.007364 #32350]  INFO -- prometheus-aws:   assign_ipv6_address_on_creation: "" => "false"
I, [2018-09-10T15:38:21.011946 #32350]  INFO -- prometheus-aws:   availability_zone:               "" => "eu-west-2b"
I, [2018-09-10T15:38:21.011991 #32350]  INFO -- prometheus-aws:   cidr_block:                      "" => "10.0.2.0/24"
I, [2018-09-10T15:38:21.012015 #32350]  INFO -- prometheus-aws:   ipv6_cidr_block:                 "" => "<computed>"
I, [2018-09-10T15:38:21.012039 #32350]  INFO -- prometheus-aws:   ipv6_cidr_block_association_id:  "" => "<computed>"
I, [2018-09-10T15:38:21.012085 #32350]  INFO -- prometheus-aws:   map_public_ip_on_launch:         "" => "false"
I, [2018-09-10T15:38:21.012107 #32350]  INFO -- prometheus-aws:   tags.%:                          "" => "1"
I, [2018-09-10T15:38:21.012126 #32350]  INFO -- prometheus-aws:   tags.Name:                       "" => "ptom-test-vpc-private-eu-west-2b"
I, [2018-09-10T15:38:21.012149 #32350]  INFO -- prometheus-aws:   vpc_id:                          "" => "vpc-0581beef028fcd190"[0m
I, [2018-09-10T15:38:21.012223 #32350]  INFO -- prometheus-aws: [0m[1mmodule.vpc.aws_subnet.database[0]: Creating...[0m
I, [2018-09-10T15:38:21.012241 #32350]  INFO -- prometheus-aws:   assign_ipv6_address_on_creation: "" => "false"
I, [2018-09-10T15:38:21.012256 #32350]  INFO -- prometheus-aws:   availability_zone:               "" => "eu-west-2a"
I, [2018-09-10T15:38:21.012273 #32350]  INFO -- prometheus-aws:   cidr_block:                      "" => "10.0.201.0/24"
I, [2018-09-10T15:38:21.012289 #32350]  INFO -- prometheus-aws:   ipv6_cidr_block:                 "" => "<computed>"
I, [2018-09-10T15:38:21.012304 #32350]  INFO -- prometheus-aws:   ipv6_cidr_block_association_id:  "" => "<computed>"
I, [2018-09-10T15:38:21.012319 #32350]  INFO -- prometheus-aws:   map_public_ip_on_launch:         "" => "false"
I, [2018-09-10T15:38:21.012335 #32350]  INFO -- prometheus-aws:   tags.%:                          "" => "1"
I, [2018-09-10T15:38:21.012357 #32350]  INFO -- prometheus-aws:   tags.Name:                       "" => "ptom-test-vpc-db-eu-west-2a"
I, [2018-09-10T15:38:21.013766 #32350]  INFO -- prometheus-aws:   vpc_id:                          "" => "vpc-0581beef028fcd190"[0m
I, [2018-09-10T15:38:21.157443 #32350]  INFO -- prometheus-aws: [0m[1mmodule.Prometheus.aws_s3_bucket.prometheus_config: Creation complete after 2s (ID: gdsobserve-verify-prom-dev-test-prometheus-config-store)[0m[0m
I, [2018-09-10T15:38:21.163262 #32350]  INFO -- prometheus-aws: [0m[1mmodule.vpc.aws_subnet.public[0]: Creating...[0m
I, [2018-09-10T15:38:21.163329 #32350]  INFO -- prometheus-aws:   assign_ipv6_address_on_creation: "" => "false"
I, [2018-09-10T15:38:21.163354 #32350]  INFO -- prometheus-aws:   availability_zone:               "" => "eu-west-2a"
I, [2018-09-10T15:38:21.163373 #32350]  INFO -- prometheus-aws:   cidr_block:                      "" => "10.0.101.0/24"
I, [2018-09-10T15:38:21.163391 #32350]  INFO -- prometheus-aws:   ipv6_cidr_block:                 "" => "<computed>"
I, [2018-09-10T15:38:21.163989 #32350]  INFO -- prometheus-aws:   ipv6_cidr_block_association_id:  "" => "<computed>"
I, [2018-09-10T15:38:21.164031 #32350]  INFO -- prometheus-aws:   map_public_ip_on_launch:         "" => "true"
I, [2018-09-10T15:38:21.164051 #32350]  INFO -- prometheus-aws:   tags.%:                          "" => "1"
I, [2018-09-10T15:38:21.164068 #32350]  INFO -- prometheus-aws:   tags.Name:                       "" => "ptom-test-vpc-public-eu-west-2a"
I, [2018-09-10T15:38:21.164094 #32350]  INFO -- prometheus-aws:   vpc_id:                          "" => "vpc-0581beef028fcd190"[0m
I, [2018-09-10T15:38:21.215225 #32350]  INFO -- prometheus-aws: [0m[1mmodule.vpc.aws_route_table.private: Creation complete after 0s (ID: rtb-07c02ad12082168e7)[0m[0m
I, [2018-09-10T15:38:21.225524 #32350]  INFO -- prometheus-aws: [0m[1mmodule.vpc.aws_subnet.private[0]: Creating...[0m
I, [2018-09-10T15:38:21.225925 #32350]  INFO -- prometheus-aws:   assign_ipv6_address_on_creation: "" => "false"
I, [2018-09-10T15:38:21.225980 #32350]  INFO -- prometheus-aws:   availability_zone:               "" => "eu-west-2a"
I, [2018-09-10T15:38:21.226003 #32350]  INFO -- prometheus-aws:   cidr_block:                      "" => "10.0.1.0/24"
I, [2018-09-10T15:38:21.226027 #32350]  INFO -- prometheus-aws:   ipv6_cidr_block:                 "" => "<computed>"
I, [2018-09-10T15:38:21.226087 #32350]  INFO -- prometheus-aws:   ipv6_cidr_block_association_id:  "" => "<computed>"
I, [2018-09-10T15:38:21.226114 #32350]  INFO -- prometheus-aws:   map_public_ip_on_launch:         "" => "false"
I, [2018-09-10T15:38:21.226132 #32350]  INFO -- prometheus-aws:   tags.%:                          "" => "1"
I, [2018-09-10T15:38:21.226822 #32350]  INFO -- prometheus-aws:   tags.Name:                       "" => "ptom-test-vpc-private-eu-west-2a"
I, [2018-09-10T15:38:21.226858 #32350]  INFO -- prometheus-aws:   vpc_id:                          "" => "vpc-0581beef028fcd190"[0m
I, [2018-09-10T15:38:21.533649 #32350]  INFO -- prometheus-aws: [0m[1mmodule.vpc.aws_subnet.private[2]: Creation complete after 1s (ID: subnet-0a28c94e9f55c899e)[0m[0m
I, [2018-09-10T15:38:21.537615 #32350]  INFO -- prometheus-aws: [0m[1mmodule.vpc.aws_internet_gateway.this: Creating...[0m
I, [2018-09-10T15:38:21.537681 #32350]  INFO -- prometheus-aws:   tags.%:    "0" => "1"
I, [2018-09-10T15:38:21.537708 #32350]  INFO -- prometheus-aws:   tags.Name: "" => "ptom-test-vpc"
I, [2018-09-10T15:38:21.537731 #32350]  INFO -- prometheus-aws:   vpc_id:    "" => "vpc-0581beef028fcd190"[0m
I, [2018-09-10T15:38:21.543828 #32350]  INFO -- prometheus-aws: [0m[1mmodule.vpc.aws_subnet.database[0]: Creation complete after 1s (ID: subnet-0c594dc23dfaa8783)[0m[0m
I, [2018-09-10T15:38:21.548858 #32350]  INFO -- prometheus-aws: [0m[1mmodule.vpc.aws_subnet.database[2]: Creating...[0m
I, [2018-09-10T15:38:21.548907 #32350]  INFO -- prometheus-aws:   assign_ipv6_address_on_creation: "" => "false"
I, [2018-09-10T15:38:21.548931 #32350]  INFO -- prometheus-aws:   availability_zone:               "" => "eu-west-2c"
I, [2018-09-10T15:38:21.548956 #32350]  INFO -- prometheus-aws:   cidr_block:                      "" => "10.0.203.0/24"
I, [2018-09-10T15:38:21.548976 #32350]  INFO -- prometheus-aws:   ipv6_cidr_block:                 "" => "<computed>"
I, [2018-09-10T15:38:21.548992 #32350]  INFO -- prometheus-aws:   ipv6_cidr_block_association_id:  "" => "<computed>"
I, [2018-09-10T15:38:21.549007 #32350]  INFO -- prometheus-aws:   map_public_ip_on_launch:         "" => "false"
I, [2018-09-10T15:38:21.549023 #32350]  INFO -- prometheus-aws:   tags.%:                          "" => "1"
I, [2018-09-10T15:38:21.549040 #32350]  INFO -- prometheus-aws:   tags.Name:                       "" => "ptom-test-vpc-db-eu-west-2c"
I, [2018-09-10T15:38:21.549057 #32350]  INFO -- prometheus-aws:   vpc_id:                          "" => "vpc-0581beef028fcd190"[0m
I, [2018-09-10T15:38:21.553804 #32350]  INFO -- prometheus-aws: [0m[1mmodule.vpc.aws_subnet.private[1]: Creation complete after 1s (ID: subnet-095e3865d848062d8)[0m[0m
I, [2018-09-10T15:38:21.559798 #32350]  INFO -- prometheus-aws: [0m[1mmodule.Prometheus.data.template_file.prometheus_config_template: Refreshing state...[0m
I, [2018-09-10T15:38:21.563540 #32350]  INFO -- prometheus-aws: [0m[1mmodule.Prometheus.data.aws_iam_policy_document.instance_role_policy: Refreshing state...[0m
I, [2018-09-10T15:38:21.568855 #32350]  INFO -- prometheus-aws: [0m[1mmodule.Prometheus.data.template_file.user_data_script: Refreshing state...[0m
I, [2018-09-10T15:38:21.580178 #32350]  INFO -- prometheus-aws: [0m[1mmodule.Prometheus.aws_s3_bucket_object.prometheus_config: Creating...[0m
I, [2018-09-10T15:38:21.580311 #32350]  INFO -- prometheus-aws:   acl:                    "" => "private"
I, [2018-09-10T15:38:21.580343 #32350]  INFO -- prometheus-aws:   bucket:                 "" => "gdsobserve-verify-prom-dev-test-prometheus-config-store"
I, [2018-09-10T15:38:21.581114 #32350]  INFO -- prometheus-aws:   content:                "" => "global:\n  scrape_interval:     30s\n  evaluation_interval: 30s\n\nscrape_configs:\n  - job_name: 'node_exporters'\n    ec2_sd_configs:\n    - region: \"eu-west-2\"\n      profile: \"prometheus_config_ec2_reader_profile\"\n      port: 9100\n    relabel_configs:\n    - source_labels: [__meta_ec2_tag_Name]\n      target_label: Prometheus\n"
I, [2018-09-10T15:38:21.581464 #32350]  INFO -- prometheus-aws:   content_type:           "" => "<computed>"
I, [2018-09-10T15:38:21.581503 #32350]  INFO -- prometheus-aws:   etag:                   "" => "35afa1be09d081ee0cb01f62406fe6df"
I, [2018-09-10T15:38:21.581551 #32350]  INFO -- prometheus-aws:   key:                    "" => "prometheus/prometheus.yml"
I, [2018-09-10T15:38:21.581575 #32350]  INFO -- prometheus-aws:   server_side_encryption: "" => "<computed>"
I, [2018-09-10T15:38:21.581593 #32350]  INFO -- prometheus-aws:   storage_class:          "" => "<computed>"
I, [2018-09-10T15:38:21.581615 #32350]  INFO -- prometheus-aws:   version_id:             "" => "<computed>"[0m
I, [2018-09-10T15:38:21.640066 #32350]  INFO -- prometheus-aws: [0m[1mmodule.Prometheus.aws_s3_bucket_object.prometheus_config: Creation complete after 0s (ID: prometheus/prometheus.yml)[0m[0m
I, [2018-09-10T15:38:21.646116 #32350]  INFO -- prometheus-aws: [0m[1mmodule.Prometheus.aws_iam_policy.prometheus_instance_profile: Creating...[0m
I, [2018-09-10T15:38:21.646453 #32350]  INFO -- prometheus-aws:   arn:         "" => "<computed>"
I, [2018-09-10T15:38:21.646492 #32350]  INFO -- prometheus-aws:   description: "" => "This is the main profile, that has bucket permission and decribe permissions"
I, [2018-09-10T15:38:21.646570 #32350]  INFO -- prometheus-aws:   name:        "" => "prometheus_ec2_instance_profile"
I, [2018-09-10T15:38:21.646598 #32350]  INFO -- prometheus-aws:   path:        "" => "/"
I, [2018-09-10T15:38:21.647312 #32350]  INFO -- prometheus-aws:   policy:      "" => "{\n  \"Version\": \"2012-10-17\",\n  \"Statement\": [\n    {\n      \"Sid\": \"ec2Policy\",\n      \"Effect\": \"Allow\",\n      \"Action\": \"ec2:Describe*\",\n      \"Resource\": \"*\"\n    },\n    {\n      \"Sid\": \"s3Bucket\",\n      \"Effect\": \"Allow\",\n      \"Action\": [\n        \"s3:ListBucket\",\n        \"s3:Get*\"\n      ],\n      \"Resource\": [\n        \"arn:aws:s3:::gdsobserve-verify-prom-dev-test-prometheus-config-store/*\",\n        \"arn:aws:s3:::gdsobserve-verify-prom-dev-test-prometheus-config-store\"\n      ]\n    }\n  ]\n}"[0m
I, [2018-09-10T15:38:21.797982 #32350]  INFO -- prometheus-aws: [0m[1mmodule.vpc.aws_subnet.public[0]: Creation complete after 1s (ID: subnet-07179932a8d594e36)[0m[0m
I, [2018-09-10T15:38:21.805268 #32350]  INFO -- prometheus-aws: [0m[1mmodule.vpc.aws_route_table_association.public[2]: Creating...[0m
I, [2018-09-10T15:38:21.805581 #32350]  INFO -- prometheus-aws:   route_table_id: "" => "rtb-07e4c9c6dbff2f3af"
I, [2018-09-10T15:38:21.805911 #32350]  INFO -- prometheus-aws:   subnet_id:      "" => "subnet-0c4ade00f6f1c3c04"[0m
I, [2018-09-10T15:38:21.806621 #32350]  INFO -- prometheus-aws: [0m[1mmodule.vpc.aws_subnet.private[0]: Creation complete after 1s (ID: subnet-0bd30a13110d2cdca)[0m[0m
I, [2018-09-10T15:38:21.814373 #32350]  INFO -- prometheus-aws: [0m[1mmodule.vpc.aws_route_table_association.public[0]: Creating...[0m
I, [2018-09-10T15:38:21.814713 #32350]  INFO -- prometheus-aws:   route_table_id: "" => "rtb-07e4c9c6dbff2f3af"
I, [2018-09-10T15:38:21.814750 #32350]  INFO -- prometheus-aws:   subnet_id:      "" => "subnet-07179932a8d594e36"[0m
I, [2018-09-10T15:38:21.919052 #32350]  INFO -- prometheus-aws: [0m[1mmodule.vpc.aws_route_table_association.public[2]: Creation complete after 0s (ID: rtbassoc-02cf045632e4b7f92)[0m[0m
I, [2018-09-10T15:38:21.928797 #32350]  INFO -- prometheus-aws: [0m[1mmodule.vpc.aws_route_table_association.public[0]: Creation complete after 0s (ID: rtbassoc-073eb2524d2e25a76)[0m[0m
I, [2018-09-10T15:38:21.934898 #32350]  INFO -- prometheus-aws: [0m[1mmodule.vpc.aws_route_table_association.public[1]: Creating...[0m
I, [2018-09-10T15:38:21.935281 #32350]  INFO -- prometheus-aws:   route_table_id: "" => "rtb-07e4c9c6dbff2f3af"
I, [2018-09-10T15:38:21.935321 #32350]  INFO -- prometheus-aws:   subnet_id:      "" => "subnet-08fa4c5d5db82c706"[0m
I, [2018-09-10T15:38:21.936236 #32350]  INFO -- prometheus-aws: [0m[1mmodule.vpc.aws_route_table_association.private[0]: Creating...[0m
I, [2018-09-10T15:38:21.936300 #32350]  INFO -- prometheus-aws:   route_table_id: "" => "rtb-07c02ad12082168e7"
I, [2018-09-10T15:38:21.936643 #32350]  INFO -- prometheus-aws:   subnet_id:      "" => "subnet-0bd30a13110d2cdca"[0m
I, [2018-09-10T15:38:21.960735 #32350]  INFO -- prometheus-aws: [0m[1maws_security_group.permit_internet_access: Creation complete after 2s (ID: sg-09b88305b29e5b06d)[0m[0m
I, [2018-09-10T15:38:21.968278 #32350]  INFO -- prometheus-aws: [0m[1mmodule.vpc.aws_route_table_association.private[1]: Creating...[0m
I, [2018-09-10T15:38:21.968341 #32350]  INFO -- prometheus-aws:   route_table_id: "" => "rtb-07c02ad12082168e7"
I, [2018-09-10T15:38:21.968386 #32350]  INFO -- prometheus-aws:   subnet_id:      "" => "subnet-095e3865d848062d8"[0m
I, [2018-09-10T15:38:22.001638 #32350]  INFO -- prometheus-aws: [0m[1mmodule.vpc.aws_subnet.database[2]: Creation complete after 0s (ID: subnet-08d94003da1a51346)[0m[0m
I, [2018-09-10T15:38:22.009315 #32350]  INFO -- prometheus-aws: [0m[1mmodule.Prometheus.aws_iam_policy.prometheus_instance_profile: Creation complete after 0s (ID: arn:aws:iam::047969882937:policy/prometheus_ec2_instance_profile)[0m[0m
I, [2018-09-10T15:38:22.014736 #32350]  INFO -- prometheus-aws: [0m[1mmodule.vpc.aws_route_table_association.private[2]: Creating...[0m
I, [2018-09-10T15:38:22.014923 #32350]  INFO -- prometheus-aws:   route_table_id: "" => "rtb-07c02ad12082168e7"
I, [2018-09-10T15:38:22.014957 #32350]  INFO -- prometheus-aws:   subnet_id:      "" => "subnet-0a28c94e9f55c899e"[0m
I, [2018-09-10T15:38:22.028561 #32350]  INFO -- prometheus-aws: [0m[1mmodule.vpc.aws_route_table_association.database[1]: Creating...[0m
I, [2018-09-10T15:38:22.029412 #32350]  INFO -- prometheus-aws:   route_table_id: "" => "rtb-07c02ad12082168e7"
I, [2018-09-10T15:38:22.029461 #32350]  INFO -- prometheus-aws:   subnet_id:      "" => "subnet-07f8975566a78a223"[0m
I, [2018-09-10T15:38:22.063865 #32350]  INFO -- prometheus-aws: [0m[1mmodule.vpc.aws_route_table_association.private[0]: Creation complete after 0s (ID: rtbassoc-05fb458aac91d15a2)[0m[0m
I, [2018-09-10T15:38:22.067896 #32350]  INFO -- prometheus-aws: [0m[1mmodule.vpc.aws_route_table_association.public[1]: Creation complete after 0s (ID: rtbassoc-0065137a8cfa45769)[0m[0m
I, [2018-09-10T15:38:22.074420 #32350]  INFO -- prometheus-aws: [0m[1mmodule.vpc.aws_db_subnet_group.database: Creating...[0m
I, [2018-09-10T15:38:22.074475 #32350]  INFO -- prometheus-aws:   arn:                   "" => "<computed>"
I, [2018-09-10T15:38:22.074499 #32350]  INFO -- prometheus-aws:   description:           "" => "Database subnet group for ptom-test-vpc"
I, [2018-09-10T15:38:22.074539 #32350]  INFO -- prometheus-aws:   name:                  "" => "ptom-test-vpc"
I, [2018-09-10T15:38:22.074560 #32350]  INFO -- prometheus-aws:   name_prefix:           "" => "<computed>"
I, [2018-09-10T15:38:22.074584 #32350]  INFO -- prometheus-aws:   subnet_ids.#:          "" => "3"
I, [2018-09-10T15:38:22.074603 #32350]  INFO -- prometheus-aws:   subnet_ids.2341181837: "" => "subnet-08d94003da1a51346"
I, [2018-09-10T15:38:22.074664 #32350]  INFO -- prometheus-aws:   subnet_ids.2436864251: "" => "subnet-07f8975566a78a223"
I, [2018-09-10T15:38:22.074682 #32350]  INFO -- prometheus-aws:   subnet_ids.3429119194: "" => "subnet-0c594dc23dfaa8783"
I, [2018-09-10T15:38:22.074699 #32350]  INFO -- prometheus-aws:   tags.%:                "" => "1"
I, [2018-09-10T15:38:22.075090 #32350]  INFO -- prometheus-aws:   tags.Name:             "" => "ptom-test-vpc"[0m
I, [2018-09-10T15:38:22.076237 #32350]  INFO -- prometheus-aws: [0m[1mmodule.vpc.aws_route_table_association.database[0]: Creating...[0m
I, [2018-09-10T15:38:22.076357 #32350]  INFO -- prometheus-aws:   route_table_id: "" => "rtb-07c02ad12082168e7"
I, [2018-09-10T15:38:22.076389 #32350]  INFO -- prometheus-aws:   subnet_id:      "" => "subnet-0c594dc23dfaa8783"[0m
I, [2018-09-10T15:38:22.128370 #32350]  INFO -- prometheus-aws: [0m[1mmodule.vpc.aws_route_table_association.private[2]: Creation complete after 0s (ID: rtbassoc-07fef793f3c0f7ea7)[0m[0m
I, [2018-09-10T15:38:22.134696 #32350]  INFO -- prometheus-aws: [0m[1mmodule.vpc.aws_route_table_association.private[1]: Creation complete after 0s (ID: rtbassoc-0858979ea0744395e)[0m[0m
I, [2018-09-10T15:38:22.140741 #32350]  INFO -- prometheus-aws: [0m[1mmodule.vpc.aws_route_table_association.database[2]: Creating...[0m
I, [2018-09-10T15:38:22.140794 #32350]  INFO -- prometheus-aws:   route_table_id: "" => "rtb-07c02ad12082168e7"
I, [2018-09-10T15:38:22.141244 #32350]  INFO -- prometheus-aws:   subnet_id:      "" => "subnet-08d94003da1a51346"[0m
I, [2018-09-10T15:38:22.142006 #32350]  INFO -- prometheus-aws: [0m[1mmodule.Prometheus.aws_iam_role_policy_attachment.iam_policy: Creating...[0m
I, [2018-09-10T15:38:22.142044 #32350]  INFO -- prometheus-aws:   policy_arn: "" => "arn:aws:iam::047969882937:policy/prometheus_ec2_instance_profile"
I, [2018-09-10T15:38:22.142960 #32350]  INFO -- prometheus-aws:   role:       "" => "prometheus_ec2_profile"[0m
I, [2018-09-10T15:38:22.168121 #32350]  INFO -- prometheus-aws: [0m[1mmodule.vpc.aws_route_table_association.database[1]: Creation complete after 0s (ID: rtbassoc-045dcb2b6e0ca970e)[0m[0m
I, [2018-09-10T15:38:22.177415 #32350]  INFO -- prometheus-aws: [0m[1mmodule.Prometheus.aws_instance.prometheus[2]: Creating...[0m
I, [2018-09-10T15:38:22.177537 #32350]  INFO -- prometheus-aws:   ami:                               "" => "ami-e4ad5983"
I, [2018-09-10T15:38:22.177567 #32350]  INFO -- prometheus-aws:   associate_public_ip_address:       "" => "true"
I, [2018-09-10T15:38:22.177684 #32350]  INFO -- prometheus-aws:   availability_zone:                 "" => "<computed>"
I, [2018-09-10T15:38:22.177774 #32350]  INFO -- prometheus-aws:   ebs_block_device.#:                "" => "<computed>"
I, [2018-09-10T15:38:22.178008 #32350]  INFO -- prometheus-aws:   ephemeral_block_device.#:          "" => "<computed>"
I, [2018-09-10T15:38:22.178060 #32350]  INFO -- prometheus-aws:   get_password_data:                 "" => "false"
I, [2018-09-10T15:38:22.179060 #32350]  INFO -- prometheus-aws:   iam_instance_profile:              "" => "prometheus_config_ec2_reader_profile"
I, [2018-09-10T15:38:22.179101 #32350]  INFO -- prometheus-aws:   instance_state:                    "" => "<computed>"
I, [2018-09-10T15:38:22.179123 #32350]  INFO -- prometheus-aws:   instance_type:                     "" => "t2.medium"
I, [2018-09-10T15:38:22.179140 #32350]  INFO -- prometheus-aws:   ipv6_address_count:                "" => "<computed>"
I, [2018-09-10T15:38:22.179157 #32350]  INFO -- prometheus-aws:   ipv6_addresses.#:                  "" => "<computed>"
I, [2018-09-10T15:38:22.179180 #32350]  INFO -- prometheus-aws:   key_name:                          "" => "prom-dev-test-prom-key"
I, [2018-09-10T15:38:22.179200 #32350]  INFO -- prometheus-aws:   network_interface.#:               "" => "<computed>"
I, [2018-09-10T15:38:22.179232 #32350]  INFO -- prometheus-aws:   network_interface_id:              "" => "<computed>"
I, [2018-09-10T15:38:22.179249 #32350]  INFO -- prometheus-aws:   password_data:                     "" => "<computed>"
I, [2018-09-10T15:38:22.181251 #32350]  INFO -- prometheus-aws:   placement_group:                   "" => "<computed>"
I, [2018-09-10T15:38:22.182233 #32350]  INFO -- prometheus-aws:   primary_network_interface_id:      "" => "<computed>"
I, [2018-09-10T15:38:22.182267 #32350]  INFO -- prometheus-aws:   private_dns:                       "" => "<computed>"
I, [2018-09-10T15:38:22.182288 #32350]  INFO -- prometheus-aws:   private_ip:                        "" => "<computed>"
I, [2018-09-10T15:38:22.182377 #32350]  INFO -- prometheus-aws:   public_dns:                        "" => "<computed>"
I, [2018-09-10T15:38:22.182401 #32350]  INFO -- prometheus-aws:   public_ip:                         "" => "<computed>"
I, [2018-09-10T15:38:22.182420 #32350]  INFO -- prometheus-aws:   root_block_device.#:               "" => "<computed>"
I, [2018-09-10T15:38:22.183738 #32350]  INFO -- prometheus-aws:   security_groups.#:                 "" => "<computed>"
I, [2018-09-10T15:38:22.183779 #32350]  INFO -- prometheus-aws:   source_dest_check:                 "" => "true"
I, [2018-09-10T15:38:22.183808 #32350]  INFO -- prometheus-aws:   subnet_id:                         "" => "subnet-0c4ade00f6f1c3c04"
I, [2018-09-10T15:38:22.183845 #32350]  INFO -- prometheus-aws:   tags.%:                            "" => "4"
I, [2018-09-10T15:38:22.183865 #32350]  INFO -- prometheus-aws:   tags.Environment:                  "" => "prom-dev-test"
I, [2018-09-10T15:38:22.183883 #32350]  INFO -- prometheus-aws:   tags.ManagedBy:                    "" => "terraform"
I, [2018-09-10T15:38:22.183931 #32350]  INFO -- prometheus-aws:   tags.Name:                         "" => "prom-app-prom-dev-test-prometheus-eu-west-2c"
I, [2018-09-10T15:38:22.183950 #32350]  INFO -- prometheus-aws:   tags.Product:                      "" => "prom-app"
I, [2018-09-10T15:38:22.183966 #32350]  INFO -- prometheus-aws:   tenancy:                           "" => "<computed>"
I, [2018-09-10T15:38:22.184585 #32350]  INFO -- prometheus-aws:   user_data:                         "" => "725b9c6ad74ee8a4522795ed8d9121ba62d8fe01"
I, [2018-09-10T15:38:22.185081 #32350]  INFO -- prometheus-aws:   volume_tags.%:                     "" => "<computed>"
I, [2018-09-10T15:38:22.185326 #32350]  INFO -- prometheus-aws:   vpc_security_group_ids.#:          "" => "1"
I, [2018-09-10T15:38:22.185625 #32350]  INFO -- prometheus-aws:   vpc_security_group_ids.3502450655: "" => "sg-09b88305b29e5b06d"[0m
I, [2018-09-10T15:38:22.186163 #32350]  INFO -- prometheus-aws: [0m[1mmodule.vpc.aws_internet_gateway.this: Creation complete after 0s (ID: igw-03a4ac0c7802b9401)[0m[0m
I, [2018-09-10T15:38:22.191161 #32350]  INFO -- prometheus-aws: [0m[1mmodule.Prometheus.aws_instance.prometheus[1]: Creating...[0m
I, [2018-09-10T15:38:22.191210 #32350]  INFO -- prometheus-aws:   ami:                               "" => "ami-e4ad5983"
I, [2018-09-10T15:38:22.191864 #32350]  INFO -- prometheus-aws:   associate_public_ip_address:       "" => "true"
I, [2018-09-10T15:38:22.192762 #32350]  INFO -- prometheus-aws:   availability_zone:                 "" => "<computed>"
I, [2018-09-10T15:38:22.192804 #32350]  INFO -- prometheus-aws:   ebs_block_device.#:                "" => "<computed>"
I, [2018-09-10T15:38:22.193379 #32350]  INFO -- prometheus-aws:   ephemeral_block_device.#:          "" => "<computed>"
I, [2018-09-10T15:38:22.195052 #32350]  INFO -- prometheus-aws:   get_password_data:                 "" => "false"
I, [2018-09-10T15:38:22.195125 #32350]  INFO -- prometheus-aws:   iam_instance_profile:              "" => "prometheus_config_ec2_reader_profile"
I, [2018-09-10T15:38:22.195647 #32350]  INFO -- prometheus-aws:   instance_state:                    "" => "<computed>"
I, [2018-09-10T15:38:22.195997 #32350]  INFO -- prometheus-aws:   instance_type:                     "" => "t2.medium"
I, [2018-09-10T15:38:22.196128 #32350]  INFO -- prometheus-aws:   ipv6_address_count:                "" => "<computed>"
I, [2018-09-10T15:38:22.196615 #32350]  INFO -- prometheus-aws:   ipv6_addresses.#:                  "" => "<computed>"
I, [2018-09-10T15:38:22.196667 #32350]  INFO -- prometheus-aws:   key_name:                          "" => "prom-dev-test-prom-key"
I, [2018-09-10T15:38:22.196692 #32350]  INFO -- prometheus-aws:   network_interface.#:               "" => "<computed>"
I, [2018-09-10T15:38:22.196747 #32350]  INFO -- prometheus-aws:   network_interface_id:              "" => "<computed>"
I, [2018-09-10T15:38:22.196772 #32350]  INFO -- prometheus-aws:   password_data:                     "" => "<computed>"
I, [2018-09-10T15:38:22.196987 #32350]  INFO -- prometheus-aws:   placement_group:                   "" => "<computed>"
I, [2018-09-10T15:38:22.197087 #32350]  INFO -- prometheus-aws:   primary_network_interface_id:      "" => "<computed>"
I, [2018-09-10T15:38:22.197656 #32350]  INFO -- prometheus-aws:   private_dns:                       "" => "<computed>"
I, [2018-09-10T15:38:22.197692 #32350]  INFO -- prometheus-aws:   private_ip:                        "" => "<computed>"
I, [2018-09-10T15:38:22.197713 #32350]  INFO -- prometheus-aws:   public_dns:                        "" => "<computed>"
I, [2018-09-10T15:38:22.197738 #32350]  INFO -- prometheus-aws:   public_ip:                         "" => "<computed>"
I, [2018-09-10T15:38:22.197918 #32350]  INFO -- prometheus-aws:   root_block_device.#:               "" => "<computed>"
I, [2018-09-10T15:38:22.197946 #32350]  INFO -- prometheus-aws:   security_groups.#:                 "" => "<computed>"
I, [2018-09-10T15:38:22.198705 #32350]  INFO -- prometheus-aws:   source_dest_check:                 "" => "true"
I, [2018-09-10T15:38:22.198745 #32350]  INFO -- prometheus-aws:   subnet_id:                         "" => "subnet-08fa4c5d5db82c706"
I, [2018-09-10T15:38:22.198768 #32350]  INFO -- prometheus-aws:   tags.%:                            "" => "4"
I, [2018-09-10T15:38:22.198791 #32350]  INFO -- prometheus-aws:   tags.Environment:                  "" => "prom-dev-test"
I, [2018-09-10T15:38:22.198810 #32350]  INFO -- prometheus-aws:   tags.ManagedBy:                    "" => "terraform"
I, [2018-09-10T15:38:22.198826 #32350]  INFO -- prometheus-aws:   tags.Name:                         "" => "prom-app-prom-dev-test-prometheus-eu-west-2b"
I, [2018-09-10T15:38:22.198854 #32350]  INFO -- prometheus-aws:   tags.Product:                      "" => "prom-app"
I, [2018-09-10T15:38:22.198872 #32350]  INFO -- prometheus-aws:   tenancy:                           "" => "<computed>"
I, [2018-09-10T15:38:22.199955 #32350]  INFO -- prometheus-aws:   user_data:                         "" => "725b9c6ad74ee8a4522795ed8d9121ba62d8fe01"
I, [2018-09-10T15:38:22.199993 #32350]  INFO -- prometheus-aws:   volume_tags.%:                     "" => "<computed>"
I, [2018-09-10T15:38:22.200014 #32350]  INFO -- prometheus-aws:   vpc_security_group_ids.#:          "" => "1"
I, [2018-09-10T15:38:22.200031 #32350]  INFO -- prometheus-aws:   vpc_security_group_ids.3502450655: "" => "sg-09b88305b29e5b06d"[0m
I, [2018-09-10T15:38:22.210132 #32350]  INFO -- prometheus-aws: [0m[1mmodule.vpc.aws_route_table_association.database[0]: Creation complete after 0s (ID: rtbassoc-04c1c81e6a819e2c0)[0m[0m
I, [2018-09-10T15:38:22.217513 #32350]  INFO -- prometheus-aws: [0m[1mmodule.Prometheus.aws_instance.prometheus[0]: Creating...[0m
I, [2018-09-10T15:38:22.218311 #32350]  INFO -- prometheus-aws:   ami:                               "" => "ami-e4ad5983"
I, [2018-09-10T15:38:22.218350 #32350]  INFO -- prometheus-aws:   associate_public_ip_address:       "" => "true"
I, [2018-09-10T15:38:22.219087 #32350]  INFO -- prometheus-aws:   availability_zone:                 "" => "<computed>"
I, [2018-09-10T15:38:22.219162 #32350]  INFO -- prometheus-aws:   ebs_block_device.#:                "" => "<computed>"
I, [2018-09-10T15:38:22.219220 #32350]  INFO -- prometheus-aws:   ephemeral_block_device.#:          "" => "<computed>"
I, [2018-09-10T15:38:22.220009 #32350]  INFO -- prometheus-aws:   get_password_data:                 "" => "false"
I, [2018-09-10T15:38:22.220102 #32350]  INFO -- prometheus-aws:   iam_instance_profile:              "" => "prometheus_config_ec2_reader_profile"
I, [2018-09-10T15:38:22.220124 #32350]  INFO -- prometheus-aws:   instance_state:                    "" => "<computed>"
I, [2018-09-10T15:38:22.220150 #32350]  INFO -- prometheus-aws:   instance_type:                     "" => "t2.medium"
I, [2018-09-10T15:38:22.220170 #32350]  INFO -- prometheus-aws:   ipv6_address_count:                "" => "<computed>"
I, [2018-09-10T15:38:22.220187 #32350]  INFO -- prometheus-aws:   ipv6_addresses.#:                  "" => "<computed>"
I, [2018-09-10T15:38:22.221542 #32350]  INFO -- prometheus-aws:   key_name:                          "" => "prom-dev-test-prom-key"
I, [2018-09-10T15:38:22.221604 #32350]  INFO -- prometheus-aws:   network_interface.#:               "" => "<computed>"
I, [2018-09-10T15:38:22.221628 #32350]  INFO -- prometheus-aws:   network_interface_id:              "" => "<computed>"
I, [2018-09-10T15:38:22.221647 #32350]  INFO -- prometheus-aws:   password_data:                     "" => "<computed>"
I, [2018-09-10T15:38:22.222536 #32350]  INFO -- prometheus-aws:   placement_group:                   "" => "<computed>"
I, [2018-09-10T15:38:22.222570 #32350]  INFO -- prometheus-aws:   primary_network_interface_id:      "" => "<computed>"
I, [2018-09-10T15:38:22.222652 #32350]  INFO -- prometheus-aws:   private_dns:                       "" => "<computed>"
I, [2018-09-10T15:38:22.222682 #32350]  INFO -- prometheus-aws:   private_ip:                        "" => "<computed>"
I, [2018-09-10T15:38:22.222702 #32350]  INFO -- prometheus-aws:   public_dns:                        "" => "<computed>"
I, [2018-09-10T15:38:22.222720 #32350]  INFO -- prometheus-aws:   public_ip:                         "" => "<computed>"
I, [2018-09-10T15:38:22.222737 #32350]  INFO -- prometheus-aws:   root_block_device.#:               "" => "<computed>"
I, [2018-09-10T15:38:22.222834 #32350]  INFO -- prometheus-aws:   security_groups.#:                 "" => "<computed>"
I, [2018-09-10T15:38:22.222856 #32350]  INFO -- prometheus-aws:   source_dest_check:                 "" => "true"
I, [2018-09-10T15:38:22.222872 #32350]  INFO -- prometheus-aws:   subnet_id:                         "" => "subnet-07179932a8d594e36"
I, [2018-09-10T15:38:22.222888 #32350]  INFO -- prometheus-aws:   tags.%:                            "" => "4"
I, [2018-09-10T15:38:22.224417 #32350]  INFO -- prometheus-aws:   tags.Environment:                  "" => "prom-dev-test"
I, [2018-09-10T15:38:22.224460 #32350]  INFO -- prometheus-aws:   tags.ManagedBy:                    "" => "terraform"
I, [2018-09-10T15:38:22.224481 #32350]  INFO -- prometheus-aws:   tags.Name:                         "" => "prom-app-prom-dev-test-prometheus-eu-west-2a"
I, [2018-09-10T15:38:22.224526 #32350]  INFO -- prometheus-aws:   tags.Product:                      "" => "prom-app"
I, [2018-09-10T15:38:22.224543 #32350]  INFO -- prometheus-aws:   tenancy:                           "" => "<computed>"
I, [2018-09-10T15:38:22.224559 #32350]  INFO -- prometheus-aws:   user_data:                         "" => "725b9c6ad74ee8a4522795ed8d9121ba62d8fe01"
I, [2018-09-10T15:38:22.224575 #32350]  INFO -- prometheus-aws:   volume_tags.%:                     "" => "<computed>"
I, [2018-09-10T15:38:22.224592 #32350]  INFO -- prometheus-aws:   vpc_security_group_ids.#:          "" => "1"
I, [2018-09-10T15:38:22.224607 #32350]  INFO -- prometheus-aws:   vpc_security_group_ids.3502450655: "" => "sg-09b88305b29e5b06d"[0m
I, [2018-09-10T15:38:22.260569 #32350]  INFO -- prometheus-aws: [0m[1mmodule.vpc.aws_route_table_association.database[2]: Creation complete after 0s (ID: rtbassoc-0899e94d82cfe794c)[0m[0m
I, [2018-09-10T15:38:22.269398 #32350]  INFO -- prometheus-aws: [0m[1mmodule.vpc.aws_nat_gateway.this: Creating...[0m
I, [2018-09-10T15:38:22.269478 #32350]  INFO -- prometheus-aws:   allocation_id:        "" => "eipalloc-01a321f42cc904b9b"
I, [2018-09-10T15:38:22.269533 #32350]  INFO -- prometheus-aws:   network_interface_id: "" => "<computed>"
I, [2018-09-10T15:38:22.269558 #32350]  INFO -- prometheus-aws:   private_ip:           "" => "<computed>"
I, [2018-09-10T15:38:22.269661 #32350]  INFO -- prometheus-aws:   public_ip:            "" => "<computed>"
I, [2018-09-10T15:38:22.269682 #32350]  INFO -- prometheus-aws:   subnet_id:            "" => "subnet-07179932a8d594e36"
I, [2018-09-10T15:38:22.269700 #32350]  INFO -- prometheus-aws:   tags.%:               "" => "1"
I, [2018-09-10T15:38:22.269716 #32350]  INFO -- prometheus-aws:   tags.Name:            "" => "ptom-test-vpc-eu-west-2a"[0m
I, [2018-09-10T15:38:22.721848 #32350]  INFO -- prometheus-aws: [0m[1mmodule.vpc.aws_db_subnet_group.database: Creation complete after 1s (ID: ptom-test-vpc)[0m[0m
I, [2018-09-10T15:38:22.729965 #32350]  INFO -- prometheus-aws: [0m[1mmodule.vpc.aws_route.public_internet_gateway: Creating...[0m
I, [2018-09-10T15:38:22.730291 #32350]  INFO -- prometheus-aws:   destination_cidr_block:     "" => "0.0.0.0/0"
I, [2018-09-10T15:38:22.730318 #32350]  INFO -- prometheus-aws:   destination_prefix_list_id: "" => "<computed>"
I, [2018-09-10T15:38:22.730346 #32350]  INFO -- prometheus-aws:   egress_only_gateway_id:     "" => "<computed>"
I, [2018-09-10T15:38:22.730366 #32350]  INFO -- prometheus-aws:   gateway_id:                 "" => "igw-03a4ac0c7802b9401"
I, [2018-09-10T15:38:22.730393 #32350]  INFO -- prometheus-aws:   instance_id:                "" => "<computed>"
I, [2018-09-10T15:38:22.730411 #32350]  INFO -- prometheus-aws:   instance_owner_id:          "" => "<computed>"
I, [2018-09-10T15:38:22.730506 #32350]  INFO -- prometheus-aws:   nat_gateway_id:             "" => "<computed>"
I, [2018-09-10T15:38:22.730525 #32350]  INFO -- prometheus-aws:   network_interface_id:       "" => "<computed>"
I, [2018-09-10T15:38:22.730542 #32350]  INFO -- prometheus-aws:   origin:                     "" => "<computed>"
I, [2018-09-10T15:38:22.730557 #32350]  INFO -- prometheus-aws:   route_table_id:             "" => "rtb-07e4c9c6dbff2f3af"
I, [2018-09-10T15:38:22.730573 #32350]  INFO -- prometheus-aws:   state:                      "" => "<computed>"[0m
I, [2018-09-10T15:38:22.959470 #32350]  INFO -- prometheus-aws: [0m[1mmodule.vpc.aws_route.public_internet_gateway: Creation complete after 0s (ID: r-rtb-07e4c9c6dbff2f3af1080289494)[0m[0m
I, [2018-09-10T15:38:23.186037 #32350]  INFO -- prometheus-aws: [0m[1mmodule.Prometheus.aws_iam_role_policy_attachment.iam_policy: Creation complete after 1s (ID: prometheus_ec2_profile-20180910153822522500000002)[0m[0m
I, [2018-09-10T15:38:29.199084 #32350]  INFO -- prometheus-aws: [0m[1mmodule.Prometheus.aws_ebs_volume.promethues-disk.0: Still creating... (10s elapsed)[0m[0m
I, [2018-09-10T15:38:29.203159 #32350]  INFO -- prometheus-aws: [0m[1mmodule.Prometheus.aws_ebs_volume.promethues-disk.1: Still creating... (10s elapsed)[0m[0m
I, [2018-09-10T15:38:29.203316 #32350]  INFO -- prometheus-aws: [0m[1mmodule.Prometheus.aws_ebs_volume.promethues-disk.2: Still creating... (10s elapsed)[0m[0m
I, [2018-09-10T15:38:29.601367 #32350]  INFO -- prometheus-aws: [0m[1mmodule.Prometheus.aws_ebs_volume.promethues-disk[0]: Creation complete after 11s (ID: vol-059c08ac7a7c74628)[0m[0m
I, [2018-09-10T15:38:29.619185 #32350]  INFO -- prometheus-aws: [0m[1mmodule.Prometheus.aws_ebs_volume.promethues-disk[1]: Creation complete after 11s (ID: vol-06fbb3999e6ae03d9)[0m[0m
I, [2018-09-10T15:38:29.621605 #32350]  INFO -- prometheus-aws: [0m[1mmodule.Prometheus.aws_ebs_volume.promethues-disk[2]: Creation complete after 11s (ID: vol-04799e9cb2f3b892b)[0m[0m
I, [2018-09-10T15:38:30.687627 #32350]  INFO -- prometheus-aws: [0m[1maws_route53_zone.private: Still creating... (10s elapsed)[0m[0m
I, [2018-09-10T15:38:32.177934 #32350]  INFO -- prometheus-aws: [0m[1mmodule.Prometheus.aws_instance.prometheus.2: Still creating... (10s elapsed)[0m[0m
I, [2018-09-10T15:38:32.191356 #32350]  INFO -- prometheus-aws: [0m[1mmodule.Prometheus.aws_instance.prometheus.1: Still creating... (10s elapsed)[0m[0m
I, [2018-09-10T15:38:32.217963 #32350]  INFO -- prometheus-aws: [0m[1mmodule.Prometheus.aws_instance.prometheus.0: Still creating... (10s elapsed)[0m[0m
I, [2018-09-10T15:38:32.268748 #32350]  INFO -- prometheus-aws: [0m[1mmodule.vpc.aws_nat_gateway.this: Still creating... (10s elapsed)[0m[0m
I, [2018-09-10T15:38:40.687898 #32350]  INFO -- prometheus-aws: [0m[1maws_route53_zone.private: Still creating... (20s elapsed)[0m[0m
I, [2018-09-10T15:38:42.178211 #32350]  INFO -- prometheus-aws: [0m[1mmodule.Prometheus.aws_instance.prometheus.2: Still creating... (20s elapsed)[0m[0m
I, [2018-09-10T15:38:42.191620 #32350]  INFO -- prometheus-aws: [0m[1mmodule.Prometheus.aws_instance.prometheus.1: Still creating... (20s elapsed)[0m[0m
I, [2018-09-10T15:38:42.218104 #32350]  INFO -- prometheus-aws: [0m[1mmodule.Prometheus.aws_instance.prometheus.0: Still creating... (20s elapsed)[0m[0m
I, [2018-09-10T15:38:42.268995 #32350]  INFO -- prometheus-aws: [0m[1mmodule.vpc.aws_nat_gateway.this: Still creating... (20s elapsed)[0m[0m
I, [2018-09-10T15:38:45.374794 #32350]  INFO -- prometheus-aws: [0m[1mmodule.Prometheus.aws_instance.prometheus[2]: Creation complete after 23s (ID: i-0d5f4bc7ee80c1b48)[0m[0m
I, [2018-09-10T15:38:50.688106 #32350]  INFO -- prometheus-aws: [0m[1maws_route53_zone.private: Still creating... (30s elapsed)[0m[0m
I, [2018-09-10T15:38:51.476522 #32350]  INFO -- prometheus-aws: [0m[1mmodule.Prometheus.aws_instance.prometheus[1]: Creation complete after 29s (ID: i-098100917951dbf19)[0m[0m
I, [2018-09-10T15:38:52.218411 #32350]  INFO -- prometheus-aws: [0m[1mmodule.Prometheus.aws_instance.prometheus.0: Still creating... (30s elapsed)[0m[0m
I, [2018-09-10T15:38:52.269272 #32350]  INFO -- prometheus-aws: [0m[1mmodule.vpc.aws_nat_gateway.this: Still creating... (30s elapsed)[0m[0m
I, [2018-09-10T15:39:00.688926 #32350]  INFO -- prometheus-aws: [0m[1maws_route53_zone.private: Still creating... (40s elapsed)[0m[0m
I, [2018-09-10T15:39:01.735003 #32350]  INFO -- prometheus-aws: [0m[1mmodule.Prometheus.aws_instance.prometheus[0]: Creation complete after 40s (ID: i-085dff5b3de62daa8)[0m[0m
I, [2018-09-10T15:39:01.742187 #32350]  INFO -- prometheus-aws: [0m[1mmodule.Prometheus.aws_volume_attachment.attach-prometheus-disk[0]: Creating...[0m
I, [2018-09-10T15:39:01.742331 #32350]  INFO -- prometheus-aws:   device_name:  "" => "/dev/sdh"
I, [2018-09-10T15:39:01.742391 #32350]  INFO -- prometheus-aws:   instance_id:  "" => "i-085dff5b3de62daa8"
I, [2018-09-10T15:39:01.742411 #32350]  INFO -- prometheus-aws:   skip_destroy: "" => "true"
I, [2018-09-10T15:39:01.742542 #32350]  INFO -- prometheus-aws:   volume_id:    "" => "vol-059c08ac7a7c74628"[0m
I, [2018-09-10T15:39:01.743076 #32350]  INFO -- prometheus-aws: [0m[1mmodule.Prometheus.aws_volume_attachment.attach-prometheus-disk[1]: Creating...[0m
I, [2018-09-10T15:39:01.743198 #32350]  INFO -- prometheus-aws:   device_name:  "" => "/dev/sdh"
I, [2018-09-10T15:39:01.743227 #32350]  INFO -- prometheus-aws:   instance_id:  "" => "i-098100917951dbf19"
I, [2018-09-10T15:39:01.743245 #32350]  INFO -- prometheus-aws:   skip_destroy: "" => "true"
I, [2018-09-10T15:39:01.743533 #32350]  INFO -- prometheus-aws:   volume_id:    "" => "vol-06fbb3999e6ae03d9"[0m
I, [2018-09-10T15:39:01.744230 #32350]  INFO -- prometheus-aws: [0m[1mmodule.Prometheus.aws_volume_attachment.attach-prometheus-disk[2]: Creating...[0m
I, [2018-09-10T15:39:01.744499 #32350]  INFO -- prometheus-aws:   device_name:  "" => "/dev/sdh"
I, [2018-09-10T15:39:01.744534 #32350]  INFO -- prometheus-aws:   instance_id:  "" => "i-0d5f4bc7ee80c1b48"
I, [2018-09-10T15:39:01.744554 #32350]  INFO -- prometheus-aws:   skip_destroy: "" => "true"
I, [2018-09-10T15:39:01.744570 #32350]  INFO -- prometheus-aws:   volume_id:    "" => "vol-04799e9cb2f3b892b"[0m
I, [2018-09-10T15:39:02.269548 #32350]  INFO -- prometheus-aws: [0m[1mmodule.vpc.aws_nat_gateway.this: Still creating... (40s elapsed)[0m[0m
I, [2018-09-10T15:39:10.688663 #32350]  INFO -- prometheus-aws: [0m[1maws_route53_zone.private: Still creating... (50s elapsed)[0m[0m
I, [2018-09-10T15:39:11.742555 #32350]  INFO -- prometheus-aws: [0m[1mmodule.Prometheus.aws_volume_attachment.attach-prometheus-disk.0: Still creating... (10s elapsed)[0m[0m
I, [2018-09-10T15:39:11.743386 #32350]  INFO -- prometheus-aws: [0m[1mmodule.Prometheus.aws_volume_attachment.attach-prometheus-disk.1: Still creating... (10s elapsed)[0m[0m
I, [2018-09-10T15:39:11.744543 #32350]  INFO -- prometheus-aws: [0m[1mmodule.Prometheus.aws_volume_attachment.attach-prometheus-disk.2: Still creating... (10s elapsed)[0m[0m
I, [2018-09-10T15:39:12.269789 #32350]  INFO -- prometheus-aws: [0m[1mmodule.vpc.aws_nat_gateway.this: Still creating... (50s elapsed)[0m[0m
I, [2018-09-10T15:39:18.440190 #32350]  INFO -- prometheus-aws: [0m[1maws_route53_zone.private: Creation complete after 57s (ID: Z2D7G4IZMAI4PL)[0m[0m
I, [2018-09-10T15:39:21.742777 #32350]  INFO -- prometheus-aws: [0m[1mmodule.Prometheus.aws_volume_attachment.attach-prometheus-disk.0: Still creating... (20s elapsed)[0m[0m
I, [2018-09-10T15:39:21.743505 #32350]  INFO -- prometheus-aws: [0m[1mmodule.Prometheus.aws_volume_attachment.attach-prometheus-disk.1: Still creating... (20s elapsed)[0m[0m
I, [2018-09-10T15:39:21.744714 #32350]  INFO -- prometheus-aws: [0m[1mmodule.Prometheus.aws_volume_attachment.attach-prometheus-disk.2: Still creating... (20s elapsed)[0m[0m
I, [2018-09-10T15:39:22.270095 #32350]  INFO -- prometheus-aws: [0m[1mmodule.vpc.aws_nat_gateway.this: Still creating... (1m0s elapsed)[0m[0m
I, [2018-09-10T15:39:22.331397 #32350]  INFO -- prometheus-aws: [0m[1mmodule.Prometheus.aws_volume_attachment.attach-prometheus-disk[2]: Creation complete after 20s (ID: vai-2428272174)[0m[0m
I, [2018-09-10T15:39:22.338859 #32350]  INFO -- prometheus-aws: [0m[1mmodule.Prometheus.aws_volume_attachment.attach-prometheus-disk[0]: Creation complete after 20s (ID: vai-984506541)[0m[0m
I, [2018-09-10T15:39:22.360187 #32350]  INFO -- prometheus-aws: [0m[1mmodule.Prometheus.aws_volume_attachment.attach-prometheus-disk[1]: Creation complete after 20s (ID: vai-1913218682)[0m[0m
I, [2018-09-10T15:39:32.270375 #32350]  INFO -- prometheus-aws: [0m[1mmodule.vpc.aws_nat_gateway.this: Still creating... (1m10s elapsed)[0m[0m
I, [2018-09-10T15:39:42.270668 #32350]  INFO -- prometheus-aws: [0m[1mmodule.vpc.aws_nat_gateway.this: Still creating... (1m20s elapsed)[0m[0m
I, [2018-09-10T15:39:52.270931 #32350]  INFO -- prometheus-aws: [0m[1mmodule.vpc.aws_nat_gateway.this: Still creating... (1m30s elapsed)[0m[0m
I, [2018-09-10T15:40:02.271200 #32350]  INFO -- prometheus-aws: [0m[1mmodule.vpc.aws_nat_gateway.this: Still creating... (1m40s elapsed)[0m[0m
I, [2018-09-10T15:40:12.271515 #32350]  INFO -- prometheus-aws: [0m[1mmodule.vpc.aws_nat_gateway.this: Still creating... (1m50s elapsed)[0m[0m
I, [2018-09-10T15:40:22.271785 #32350]  INFO -- prometheus-aws: [0m[1mmodule.vpc.aws_nat_gateway.this: Still creating... (2m0s elapsed)[0m[0m
I, [2018-09-10T15:40:26.985895 #32350]  INFO -- prometheus-aws: [0m[1mmodule.vpc.aws_nat_gateway.this: Creation complete after 2m5s (ID: nat-0d6617bfb78f880a4)[0m[0m
I, [2018-09-10T15:40:26.996094 #32350]  INFO -- prometheus-aws: [0m[1mmodule.vpc.aws_route.private_nat_gateway: Creating...[0m
I, [2018-09-10T15:40:26.996187 #32350]  INFO -- prometheus-aws:   destination_cidr_block:     "" => "0.0.0.0/0"
I, [2018-09-10T15:40:26.996253 #32350]  INFO -- prometheus-aws:   destination_prefix_list_id: "" => "<computed>"
I, [2018-09-10T15:40:26.996273 #32350]  INFO -- prometheus-aws:   egress_only_gateway_id:     "" => "<computed>"
I, [2018-09-10T15:40:26.996400 #32350]  INFO -- prometheus-aws:   gateway_id:                 "" => "<computed>"
I, [2018-09-10T15:40:26.996430 #32350]  INFO -- prometheus-aws:   instance_id:                "" => "<computed>"
I, [2018-09-10T15:40:26.996450 #32350]  INFO -- prometheus-aws:   instance_owner_id:          "" => "<computed>"
I, [2018-09-10T15:40:26.996467 #32350]  INFO -- prometheus-aws:   nat_gateway_id:             "" => "nat-0d6617bfb78f880a4"
I, [2018-09-10T15:40:26.996484 #32350]  INFO -- prometheus-aws:   network_interface_id:       "" => "<computed>"
I, [2018-09-10T15:40:26.996500 #32350]  INFO -- prometheus-aws:   origin:                     "" => "<computed>"
I, [2018-09-10T15:40:26.996621 #32350]  INFO -- prometheus-aws:   route_table_id:             "" => "rtb-07c02ad12082168e7"
I, [2018-09-10T15:40:26.996645 #32350]  INFO -- prometheus-aws:   state:                      "" => "<computed>"[0m
I, [2018-09-10T15:40:27.272037 #32350]  INFO -- prometheus-aws: [0m[1mmodule.vpc.aws_route.private_nat_gateway: Creation complete after 0s (ID: r-rtb-07c02ad12082168e71080289494)[0m[0m
I, [2018-09-10T15:40:27.284026 #32350]  INFO -- prometheus-aws: [0m[1m[32m
I, [2018-09-10T15:40:27.284178 #32350]  INFO -- prometheus-aws: Apply complete! Resources: 47 added, 0 changed, 0 destroyed.[0m
I, [2018-09-10T15:40:27.284551 #32350]  INFO -- prometheus-aws: [0m[1m[32m
I, [2018-09-10T15:40:27.285367 #32350]  INFO -- prometheus-aws: Outputs:
I, [2018-09-10T15:40:27.285403 #32350]  INFO -- prometheus-aws: 
I, [2018-09-10T15:40:27.285488 #32350]  INFO -- prometheus-aws: prom_s3_config_bucket = gdsobserve-verify-prom-dev-test-prometheus-config-store
I, [2018-09-10T15:40:27.285520 #32350]  INFO -- prometheus-aws: prometheus_dns = [
I, [2018-09-10T15:40:27.285589 #32350]  INFO -- prometheus-aws:     ec2-18-130-178-45.eu-west-2.compute.amazonaws.com,
I, [2018-09-10T15:40:27.285611 #32350]  INFO -- prometheus-aws:     ec2-18-130-57-69.eu-west-2.compute.amazonaws.com,
I, [2018-09-10T15:40:27.285732 #32350]  INFO -- prometheus-aws:     ec2-18-130-37-155.eu-west-2.compute.amazonaws.com
I, [2018-09-10T15:40:27.285756 #32350]  INFO -- prometheus-aws: ]
I, [2018-09-10T15:40:27.285844 #32350]  INFO -- prometheus-aws: prometheus_id = i-085dff5b3de62daa8[0m
W, [2018-09-10T15:40:27.300993 #32350]  WARN -- prometheus-aws: Running command `terraform output -json` in directory /root/prometheus-aws-configuration-beta/terraform/modules/prometheus/test/fixtures
I, [2018-09-10T15:40:27.335342 #32350]  INFO -- prometheus-aws: {
I, [2018-09-10T15:40:27.335875 #32350]  INFO -- prometheus-aws:     "prom_s3_config_bucket": {
I, [2018-09-10T15:40:27.335976 #32350]  INFO -- prometheus-aws:  "sensitive": false,
I, [2018-09-10T15:40:27.336012 #32350]  INFO -- prometheus-aws:  "type": "string",
I, [2018-09-10T15:40:27.336093 #32350]  INFO -- prometheus-aws:  "value": "gdsobserve-verify-prom-dev-test-prometheus-config-store"
I, [2018-09-10T15:40:27.336119 #32350]  INFO -- prometheus-aws:     },
I, [2018-09-10T15:40:27.336136 #32350]  INFO -- prometheus-aws:     "prometheus_dns": {
I, [2018-09-10T15:40:27.336161 #32350]  INFO -- prometheus-aws:  "sensitive": false,
I, [2018-09-10T15:40:27.336183 #32350]  INFO -- prometheus-aws:  "type": "list",
I, [2018-09-10T15:40:27.336205 #32350]  INFO -- prometheus-aws:  "value": [
I, [2018-09-10T15:40:27.336226 #32350]  INFO -- prometheus-aws:      "ec2-18-130-178-45.eu-west-2.compute.amazonaws.com",
I, [2018-09-10T15:40:27.336247 #32350]  INFO -- prometheus-aws:      "ec2-18-130-57-69.eu-west-2.compute.amazonaws.com",
I, [2018-09-10T15:40:27.337519 #32350]  INFO -- prometheus-aws:      "ec2-18-130-37-155.eu-west-2.compute.amazonaws.com"
I, [2018-09-10T15:40:27.337558 #32350]  INFO -- prometheus-aws:  ]
I, [2018-09-10T15:40:27.337580 #32350]  INFO -- prometheus-aws:     },
I, [2018-09-10T15:40:27.337597 #32350]  INFO -- prometheus-aws:     "prometheus_id": {
I, [2018-09-10T15:40:27.337616 #32350]  INFO -- prometheus-aws:  "sensitive": false,
I, [2018-09-10T15:40:27.337641 #32350]  INFO -- prometheus-aws:  "type": "string",
I, [2018-09-10T15:40:27.337663 #32350]  INFO -- prometheus-aws:  "value": "i-085dff5b3de62daa8"
I, [2018-09-10T15:40:27.337679 #32350]  INFO -- prometheus-aws:     }
I, [2018-09-10T15:40:27.337694 #32350]  INFO -- prometheus-aws: }
I, [2018-09-10T15:40:27.351471 #32350]  INFO -- prometheus-aws: Finished converging <prometheus-aws> (2m11.94s).
